<?xml version="1.0" encoding="UTF-8"?>
<!-- Generated by org.testng.reporters.JUnitReportReporter -->
<testsuite skipped="0" hostname="laptech" name="org.demo.flip" tests="1" failures="0" timestamp="04 Jan 2022 10:14:22 GMT" time="17.874" errors="0">
  <testcase name="test" time="17.874" classname="org.demo.flip"/>
</testsuite> <!-- org.demo.flip -->
